[1114/215806.385:ERROR:process_reader_win.cc(151)] SuspendThread: Access is denied. (0x5)
[1114/215806.387:ERROR:process_reader_win.cc(151)] SuspendThread: Access is denied. (0x5)
[1114/215806.387:ERROR:process_reader_win.cc(151)] SuspendThread: Access is denied. (0x5)
[1114/215806.387:ERROR:process_reader_win.cc(123)] NtOpenThread: {Access Denied} A process has requested access to an object, but has not been granted those access rights. (0xc0000022)
[1114/215806.387:ERROR:exception_snapshot_win.cc(99)] thread ID 7968 not found in process
[1114/215806.383:ERROR:process_reader_win.cc(151)] SuspendThread: Access is denied. (0x5)
[1114/215806.393:ERROR:process_reader_win.cc(151)] SuspendThread: Access is denied. (0x5)
[1114/215806.393:ERROR:process_reader_win.cc(123)] NtOpenThread: {Access Denied} A process has requested access to an object, but has not been granted those access rights. (0xc0000022)
[1114/215806.394:ERROR:exception_snapshot_win.cc(99)] thread ID 3104 not found in process
[1114/215806.415:ERROR:process_reader_win.cc(123)] NtOpenThread: {Access Denied} A process has requested access to an object, but has not been granted those access rights. (0xc0000022)
[1114/215806.415:ERROR:exception_snapshot_win.cc(99)] thread ID 16532 not found in process
[1114/215806.415:ERROR:process_reader_win.cc(123)] NtOpenThread: {Access Denied} A process has requested access to an object, but has not been granted those access rights. (0xc0000022)
[1114/215806.416:ERROR:exception_snapshot_win.cc(99)] thread ID 15188 not found in process
[1114/222309.822:ERROR:directory_reader_win.cc(43)] FindFirstFile: The system cannot find the path specified. (0x3)
[1114/222551.512:ERROR:process_reader_win.cc(151)] SuspendThread: Access is denied. (0x5)
[1114/222551.513:ERROR:process_reader_win.cc(151)] SuspendThread: Access is denied. (0x5)
[1114/222551.513:ERROR:process_reader_win.cc(151)] SuspendThread: Access is denied. (0x5)
[1114/222551.513:ERROR:process_reader_win.cc(151)] SuspendThread: Access is denied. (0x5)
[1114/222551.513:ERROR:process_reader_win.cc(151)] SuspendThread: Access is denied. (0x5)
[1114/222551.513:ERROR:process_reader_win.cc(151)] SuspendThread: Access is denied. (0x5)
[1114/222551.514:ERROR:process_reader_win.cc(151)] SuspendThread: Access is denied. (0x5)
[1114/222551.514:ERROR:process_reader_win.cc(151)] SuspendThread: Access is denied. (0x5)
[1114/222551.514:ERROR:process_reader_win.cc(151)] SuspendThread: Access is denied. (0x5)
[1114/222551.514:ERROR:process_reader_win.cc(123)] NtOpenThread: {Access Denied} A process has requested access to an object, but has not been granted those access rights. (0xc0000022)
[1114/222551.514:ERROR:exception_snapshot_win.cc(99)] thread ID 8916 not found in process
[1114/222551.524:ERROR:process_reader_win.cc(151)] SuspendThread: Access is denied. (0x5)
[1114/222551.525:ERROR:process_reader_win.cc(151)] SuspendThread: Access is denied. (0x5)
[1114/222551.525:ERROR:process_reader_win.cc(151)] SuspendThread: Access is denied. (0x5)
[1114/222551.525:ERROR:process_reader_win.cc(151)] SuspendThread: Access is denied. (0x5)
[1114/222551.525:ERROR:process_reader_win.cc(151)] SuspendThread: Access is denied. (0x5)
[1114/222551.525:ERROR:process_reader_win.cc(151)] SuspendThread: Access is denied. (0x5)
[1114/222551.525:ERROR:process_reader_win.cc(151)] SuspendThread: Access is denied. (0x5)
[1114/222551.525:ERROR:process_reader_win.cc(151)] SuspendThread: Access is denied. (0x5)
[1114/222551.525:ERROR:process_reader_win.cc(151)] SuspendThread: Access is denied. (0x5)
[1114/222551.525:ERROR:process_reader_win.cc(151)] SuspendThread: Access is denied. (0x5)
[1114/222551.525:ERROR:process_reader_win.cc(151)] SuspendThread: Access is denied. (0x5)
[1114/222551.525:ERROR:process_reader_win.cc(151)] SuspendThread: Access is denied. (0x5)
[1114/222551.525:ERROR:process_reader_win.cc(151)] SuspendThread: Access is denied. (0x5)
[1114/222551.525:ERROR:process_reader_win.cc(151)] SuspendThread: Access is denied. (0x5)
[1114/222551.525:ERROR:process_reader_win.cc(151)] SuspendThread: Access is denied. (0x5)
[1114/222551.525:ERROR:process_reader_win.cc(151)] SuspendThread: Access is denied. (0x5)
[1114/222551.525:ERROR:process_reader_win.cc(151)] SuspendThread: Access is denied. (0x5)
[1114/222551.525:ERROR:process_reader_win.cc(151)] SuspendThread: Access is denied. (0x5)
[1114/222551.525:ERROR:process_reader_win.cc(151)] SuspendThread: Access is denied. (0x5)
[1114/222551.525:ERROR:process_reader_win.cc(151)] SuspendThread: Access is denied. (0x5)
[1114/222551.525:ERROR:process_reader_win.cc(151)] SuspendThread: Access is denied. (0x5)
[1114/222551.525:ERROR:process_reader_win.cc(151)] SuspendThread: Access is denied. (0x5)
[1114/222551.525:ERROR:process_reader_win.cc(151)] SuspendThread: Access is denied. (0x5)
[1114/222551.525:ERROR:process_reader_win.cc(151)] SuspendThread: Access is denied. (0x5)
[1114/222551.525:ERROR:process_reader_win.cc(151)] SuspendThread: Access is denied. (0x5)
[1114/222551.525:ERROR:process_reader_win.cc(123)] NtOpenThread: {Access Denied} A process has requested access to an object, but has not been granted those access rights. (0xc0000022)
[1114/222551.526:ERROR:exception_snapshot_win.cc(99)] thread ID 4972 not found in process
[1114/222551.526:ERROR:process_reader_win.cc(151)] SuspendThread: Access is denied. (0x5)
[1114/222551.526:ERROR:process_reader_win.cc(151)] SuspendThread: Access is denied. (0x5)
[1114/222551.526:ERROR:process_reader_win.cc(151)] SuspendThread: Access is denied. (0x5)
[1114/222551.526:ERROR:process_reader_win.cc(151)] SuspendThread: Access is denied. (0x5)
[1114/222551.526:ERROR:process_reader_win.cc(151)] SuspendThread: Access is denied. (0x5)
[1114/222551.526:ERROR:process_reader_win.cc(151)] SuspendThread: Access is denied. (0x5)
[1114/222551.526:ERROR:process_reader_win.cc(151)] SuspendThread: Access is denied. (0x5)
[1114/222551.526:ERROR:process_reader_win.cc(151)] SuspendThread: Access is denied. (0x5)
[1114/222551.526:ERROR:process_reader_win.cc(151)] SuspendThread: Access is denied. (0x5)
[1114/222551.526:ERROR:process_reader_win.cc(151)] SuspendThread: Access is denied. (0x5)
[1114/222551.526:ERROR:process_reader_win.cc(151)] SuspendThread: Access is denied. (0x5)
[1114/222551.526:ERROR:process_reader_win.cc(151)] SuspendThread: Access is denied. (0x5)
[1114/222551.526:ERROR:process_reader_win.cc(151)] SuspendThread: Access is denied. (0x5)
[1114/222551.526:ERROR:process_reader_win.cc(151)] SuspendThread: Access is denied. (0x5)
[1114/222551.526:ERROR:process_reader_win.cc(151)] SuspendThread: Access is denied. (0x5)
[1114/222551.526:ERROR:process_reader_win.cc(151)] SuspendThread: Access is denied. (0x5)
[1114/222551.526:ERROR:process_reader_win.cc(151)] SuspendThread: Access is denied. (0x5)
[1114/222551.526:ERROR:process_reader_win.cc(151)] SuspendThread: Access is denied. (0x5)
[1114/222551.526:ERROR:process_reader_win.cc(151)] SuspendThread: Access is denied. (0x5)
[1114/222551.526:ERROR:process_reader_win.cc(151)] SuspendThread: Access is denied. (0x5)
[1114/222551.526:ERROR:process_reader_win.cc(151)] SuspendThread: Access is denied. (0x5)
[1114/222551.526:ERROR:process_reader_win.cc(151)] SuspendThread: Access is denied. (0x5)
[1114/222551.526:ERROR:process_reader_win.cc(151)] SuspendThread: Access is denied. (0x5)
[1114/222551.526:ERROR:process_reader_win.cc(151)] SuspendThread: Access is denied. (0x5)
[1114/222551.526:ERROR:process_reader_win.cc(151)] SuspendThread: Access is denied. (0x5)
[1114/222551.526:ERROR:process_reader_win.cc(151)] SuspendThread: Access is denied. (0x5)
[1114/222551.526:ERROR:process_reader_win.cc(151)] SuspendThread: Access is denied. (0x5)
[1114/222551.526:ERROR:process_reader_win.cc(123)] NtOpenThread: {Access Denied} A process has requested access to an object, but has not been granted those access rights. (0xc0000022)
[1114/222551.526:ERROR:exception_snapshot_win.cc(99)] thread ID 11688 not found in process
[1114/222551.546:ERROR:process_reader_win.cc(151)] SuspendThread: Access is denied. (0x5)
[1114/222551.546:ERROR:process_reader_win.cc(151)] SuspendThread: Access is denied. (0x5)
[1114/222551.546:ERROR:process_reader_win.cc(123)] NtOpenThread: {Access Denied} A process has requested access to an object, but has not been granted those access rights. (0xc0000022)
[1114/222551.547:ERROR:exception_snapshot_win.cc(99)] thread ID 956 not found in process
[1114/222551.560:ERROR:process_reader_win.cc(151)] SuspendThread: Access is denied. (0x5)
[1114/222551.560:ERROR:process_reader_win.cc(151)] SuspendThread: Access is denied. (0x5)
[1114/222551.560:ERROR:process_reader_win.cc(151)] SuspendThread: Access is denied. (0x5)
[1114/222551.560:ERROR:process_reader_win.cc(151)] SuspendThread: Access is denied. (0x5)
[1114/222551.560:ERROR:process_reader_win.cc(123)] NtOpenThread: {Access Denied} A process has requested access to an object, but has not been granted those access rights. (0xc0000022)
[1114/222551.560:ERROR:exception_snapshot_win.cc(99)] thread ID 9516 not found in process
[1114/222551.563:ERROR:process_reader_win.cc(151)] SuspendThread: Access is denied. (0x5)
[1114/222551.563:ERROR:process_reader_win.cc(123)] NtOpenThread: {Access Denied} A process has requested access to an object, but has not been granted those access rights. (0xc0000022)
[1114/222551.563:ERROR:exception_snapshot_win.cc(99)] thread ID 7116 not found in process
[1114/222551.568:ERROR:process_reader_win.cc(151)] SuspendThread: Access is denied. (0x5)
[1114/222551.569:ERROR:process_reader_win.cc(151)] SuspendThread: Access is denied. (0x5)
[1114/222551.569:ERROR:process_reader_win.cc(151)] SuspendThread: Access is denied. (0x5)
[1114/222551.569:ERROR:process_reader_win.cc(151)] SuspendThread: Access is denied. (0x5)
[1114/222551.569:ERROR:process_reader_win.cc(123)] NtOpenThread: {Access Denied} A process has requested access to an object, but has not been granted those access rights. (0xc0000022)
[1114/222551.569:ERROR:exception_snapshot_win.cc(99)] thread ID 6504 not found in process
[1114/222551.570:ERROR:process_reader_win.cc(151)] SuspendThread: Access is denied. (0x5)
[1114/222551.570:ERROR:process_reader_win.cc(123)] NtOpenThread: {Access Denied} A process has requested access to an object, but has not been granted those access rights. (0xc0000022)
[1114/222551.570:ERROR:exception_snapshot_win.cc(99)] thread ID 7084 not found in process
[1114/223338.358:ERROR:process_reader_win.cc(151)] SuspendThread: Access is denied. (0x5)
[1114/223338.358:ERROR:process_reader_win.cc(151)] SuspendThread: Access is denied. (0x5)
[1114/223338.359:ERROR:process_reader_win.cc(151)] SuspendThread: Access is denied. (0x5)
[1114/223338.359:ERROR:process_reader_win.cc(151)] SuspendThread: Access is denied. (0x5)
[1114/223338.359:ERROR:process_reader_win.cc(151)] SuspendThread: Access is denied. (0x5)
[1114/223338.359:ERROR:process_reader_win.cc(151)] SuspendThread: Access is denied. (0x5)
[1114/223338.359:ERROR:process_reader_win.cc(151)] SuspendThread: Access is denied. (0x5)
[1114/223338.359:ERROR:process_reader_win.cc(151)] SuspendThread: Access is denied. (0x5)
[1114/223338.359:ERROR:process_reader_win.cc(151)] SuspendThread: Access is denied. (0x5)
[1114/223338.359:ERROR:process_reader_win.cc(151)] SuspendThread: Access is denied. (0x5)
[1114/223338.359:ERROR:process_reader_win.cc(151)] SuspendThread: Access is denied. (0x5)
[1114/223338.359:ERROR:process_reader_win.cc(151)] SuspendThread: Access is denied. (0x5)
[1114/223338.359:ERROR:process_reader_win.cc(151)] SuspendThread: Access is denied. (0x5)
[1114/223338.359:ERROR:process_reader_win.cc(151)] SuspendThread: Access is denied. (0x5)
[1114/223338.359:ERROR:process_reader_win.cc(151)] SuspendThread: Access is denied. (0x5)
[1114/223338.359:ERROR:process_reader_win.cc(151)] SuspendThread: Access is denied. (0x5)
[1114/223338.359:ERROR:process_reader_win.cc(151)] SuspendThread: Access is denied. (0x5)
[1114/223338.359:ERROR:process_reader_win.cc(151)] SuspendThread: Access is denied. (0x5)
[1114/223338.359:ERROR:process_reader_win.cc(123)] NtOpenThread: {Access Denied} A process has requested access to an object, but has not been granted those access rights. (0xc0000022)
[1114/223338.359:ERROR:exception_snapshot_win.cc(99)] thread ID 14656 not found in process
[1114/223338.381:ERROR:process_reader_win.cc(151)] SuspendThread: Access is denied. (0x5)
[1114/223338.382:ERROR:process_reader_win.cc(151)] SuspendThread: Access is denied. (0x5)
[1114/223338.382:ERROR:process_reader_win.cc(151)] SuspendThread: Access is denied. (0x5)
[1114/223338.382:ERROR:process_reader_win.cc(123)] NtOpenThread: {Access Denied} A process has requested access to an object, but has not been granted those access rights. (0xc0000022)
[1114/223338.382:ERROR:exception_snapshot_win.cc(99)] thread ID 1252 not found in process
[1114/223338.382:ERROR:process_reader_win.cc(151)] SuspendThread: Access is denied. (0x5)
[1114/223338.382:ERROR:process_reader_win.cc(151)] SuspendThread: Access is denied. (0x5)
[1114/223338.383:ERROR:process_reader_win.cc(123)] NtOpenThread: {Access Denied} A process has requested access to an object, but has not been granted those access rights. (0xc0000022)
[1114/223338.383:ERROR:exception_snapshot_win.cc(99)] thread ID 5864 not found in process
[1114/223338.359:ERROR:process_reader_win.cc(123)] NtOpenThread: {Access Denied} A process has requested access to an object, but has not been granted those access rights. (0xc0000022)
[1114/223338.391:ERROR:exception_snapshot_win.cc(99)] thread ID 13160 not found in process
[1114/223338.392:ERROR:process_reader_win.cc(151)] SuspendThread: Access is denied. (0x5)
[1114/223338.392:ERROR:process_reader_win.cc(151)] SuspendThread: Access is denied. (0x5)
[1114/223338.392:ERROR:process_reader_win.cc(151)] SuspendThread: Access is denied. (0x5)
[1114/223338.392:ERROR:process_reader_win.cc(151)] SuspendThread: Access is denied. (0x5)
[1114/223338.392:ERROR:process_reader_win.cc(123)] NtOpenThread: {Access Denied} A process has requested access to an object, but has not been granted those access rights. (0xc0000022)
[1114/223338.392:ERROR:exception_snapshot_win.cc(99)] thread ID 14488 not found in process
[1114/223338.393:ERROR:process_reader_win.cc(151)] SuspendThread: Access is denied. (0x5)
[1114/223338.393:ERROR:process_reader_win.cc(151)] SuspendThread: Access is denied. (0x5)
[1114/223338.393:ERROR:process_reader_win.cc(151)] SuspendThread: Access is denied. (0x5)
[1114/223338.393:ERROR:process_reader_win.cc(151)] SuspendThread: Access is denied. (0x5)
[1114/223338.393:ERROR:process_reader_win.cc(123)] NtOpenThread: {Access Denied} A process has requested access to an object, but has not been granted those access rights. (0xc0000022)
[1114/223338.393:ERROR:exception_snapshot_win.cc(99)] thread ID 16460 not found in process
[1114/223908.374:ERROR:process_reader_win.cc(123)] NtOpenThread: {Access Denied} A process has requested access to an object, but has not been granted those access rights. (0xc0000022)
[1114/223908.375:ERROR:exception_snapshot_win.cc(99)] thread ID 2776 not found in process
[1114/223908.389:ERROR:process_reader_win.cc(151)] SuspendThread: Access is denied. (0x5)
[1114/223908.389:ERROR:process_reader_win.cc(123)] NtOpenThread: {Access Denied} A process has requested access to an object, but has not been granted those access rights. (0xc0000022)
[1114/223908.389:ERROR:exception_snapshot_win.cc(99)] thread ID 9384 not found in process
[1114/223908.413:ERROR:process_reader_win.cc(151)] SuspendThread: Access is denied. (0x5)
[1114/223908.413:ERROR:exception_snapshot_win.cc(99)] thread ID 10128 not found in process
[1114/223918.449:ERROR:process_reader_win.cc(123)] NtOpenThread: {Access Denied} A process has requested access to an object, but has not been granted those access rights. (0xc0000022)
[1114/223918.451:ERROR:exception_snapshot_win.cc(99)] thread ID 5172 not found in process
[1114/223918.490:ERROR:process_reader_win.cc(123)] NtOpenThread: {Access Denied} A process has requested access to an object, but has not been granted those access rights. (0xc0000022)
[1114/223918.490:ERROR:exception_snapshot_win.cc(99)] thread ID 3344 not found in process
[1114/225432.591:ERROR:process_reader_win.cc(151)] SuspendThread: Access is denied. (0x5)
[1114/225432.593:ERROR:process_reader_win.cc(151)] SuspendThread: Access is denied. (0x5)
[1114/225432.652:ERROR:process_reader_win.cc(151)] SuspendThread: Access is denied. (0x5)
[1114/225432.652:ERROR:process_reader_win.cc(151)] SuspendThread: Access is denied. (0x5)
[1114/225432.652:ERROR:process_reader_win.cc(151)] SuspendThread: Access is denied. (0x5)
[1114/225432.652:ERROR:process_reader_win.cc(151)] SuspendThread: Access is denied. (0x5)
[1114/225432.652:ERROR:process_reader_win.cc(151)] SuspendThread: Access is denied. (0x5)
[1114/225432.652:ERROR:process_reader_win.cc(151)] SuspendThread: Access is denied. (0x5)
[1114/225432.652:ERROR:process_reader_win.cc(151)] SuspendThread: Access is denied. (0x5)
[1114/225432.652:ERROR:process_reader_win.cc(151)] SuspendThread: Access is denied. (0x5)
[1114/225432.652:ERROR:process_reader_win.cc(151)] SuspendThread: Access is denied. (0x5)
[1114/225432.652:ERROR:process_reader_win.cc(151)] SuspendThread: Access is denied. (0x5)
[1114/225432.652:ERROR:process_reader_win.cc(151)] SuspendThread: Access is denied. (0x5)
[1114/225432.652:ERROR:process_reader_win.cc(151)] SuspendThread: Access is denied. (0x5)
[1114/225432.652:ERROR:process_reader_win.cc(151)] SuspendThread: Access is denied. (0x5)
[1114/225432.652:ERROR:process_reader_win.cc(151)] SuspendThread: Access is denied. (0x5)
[1114/225432.652:ERROR:process_reader_win.cc(151)] SuspendThread: Access is denied. (0x5)
[1114/225432.652:ERROR:process_reader_win.cc(151)] SuspendThread: Access is denied. (0x5)
[1114/225432.652:ERROR:process_reader_win.cc(151)] SuspendThread: Access is denied. (0x5)
[1114/225432.652:ERROR:process_reader_win.cc(151)] SuspendThread: Access is denied. (0x5)
[1114/225432.652:ERROR:process_reader_win.cc(151)] SuspendThread: Access is denied. (0x5)
[1114/225432.652:ERROR:process_reader_win.cc(151)] SuspendThread: Access is denied. (0x5)
[1114/225432.652:ERROR:process_reader_win.cc(151)] SuspendThread: Access is denied. (0x5)
[1114/225432.652:ERROR:process_reader_win.cc(151)] SuspendThread: Access is denied. (0x5)
[1114/225432.652:ERROR:process_reader_win.cc(151)] SuspendThread: Access is denied. (0x5)
[1114/225432.652:ERROR:process_reader_win.cc(151)] SuspendThread: Access is denied. (0x5)
[1114/225432.652:ERROR:process_reader_win.cc(151)] SuspendThread: Access is denied. (0x5)
[1114/225432.652:ERROR:process_reader_win.cc(151)] SuspendThread: Access is denied. (0x5)
[1114/225432.601:ERROR:process_reader_win.cc(151)] SuspendThread: Access is denied. (0x5)
[1114/225432.653:ERROR:process_reader_win.cc(151)] SuspendThread: Access is denied. (0x5)
[1114/225432.653:ERROR:process_reader_win.cc(151)] SuspendThread: Access is denied. (0x5)
[1114/225432.653:ERROR:process_reader_win.cc(151)] SuspendThread: Access is denied. (0x5)
[1114/225432.653:ERROR:process_reader_win.cc(151)] SuspendThread: Access is denied. (0x5)
[1114/225432.653:ERROR:process_reader_win.cc(151)] SuspendThread: Access is denied. (0x5)
[1114/225432.653:ERROR:process_reader_win.cc(151)] SuspendThread: Access is denied. (0x5)
[1114/225432.653:ERROR:process_reader_win.cc(151)] SuspendThread: Access is denied. (0x5)
[1114/225432.653:ERROR:process_reader_win.cc(151)] SuspendThread: Access is denied. (0x5)
[1114/225432.653:ERROR:process_reader_win.cc(151)] SuspendThread: Access is denied. (0x5)
[1114/225432.653:ERROR:process_reader_win.cc(151)] SuspendThread: Access is denied. (0x5)
[1114/225432.653:ERROR:process_reader_win.cc(151)] SuspendThread: Access is denied. (0x5)
[1114/225432.653:ERROR:process_reader_win.cc(151)] SuspendThread: Access is denied. (0x5)
[1114/225432.653:ERROR:process_reader_win.cc(151)] SuspendThread: Access is denied. (0x5)
[1114/225432.653:ERROR:process_reader_win.cc(151)] SuspendThread: Access is denied. (0x5)
[1114/225432.653:ERROR:process_reader_win.cc(151)] SuspendThread: Access is denied. (0x5)
[1114/225432.653:ERROR:process_reader_win.cc(151)] SuspendThread: Access is denied. (0x5)
[1114/225432.653:ERROR:process_reader_win.cc(151)] SuspendThread: Access is denied. (0x5)
[1114/225432.653:ERROR:process_reader_win.cc(151)] SuspendThread: Access is denied. (0x5)
[1114/225432.653:ERROR:process_reader_win.cc(151)] SuspendThread: Access is denied. (0x5)
[1114/225432.653:ERROR:process_reader_win.cc(151)] SuspendThread: Access is denied. (0x5)
[1114/225432.653:ERROR:process_reader_win.cc(151)] SuspendThread: Access is denied. (0x5)
[1114/225432.653:ERROR:process_reader_win.cc(151)] SuspendThread: Access is denied. (0x5)
[1114/225432.653:ERROR:process_reader_win.cc(151)] SuspendThread: Access is denied. (0x5)
[1114/225432.653:ERROR:process_reader_win.cc(151)] SuspendThread: Access is denied. (0x5)
[1114/225432.613:ERROR:process_reader_win.cc(151)] SuspendThread: Access is denied. (0x5)
[1114/225432.654:ERROR:process_reader_win.cc(151)] SuspendThread: Access is denied. (0x5)
[1114/225432.654:ERROR:process_reader_win.cc(151)] SuspendThread: Access is denied. (0x5)
[1114/225432.654:ERROR:process_reader_win.cc(151)] SuspendThread: Access is denied. (0x5)
[1114/225432.654:ERROR:process_reader_win.cc(151)] SuspendThread: Access is denied. (0x5)
[1114/225432.654:ERROR:process_reader_win.cc(151)] SuspendThread: Access is denied. (0x5)
[1114/225432.654:ERROR:process_reader_win.cc(151)] SuspendThread: Access is denied. (0x5)
[1114/225432.654:ERROR:process_reader_win.cc(151)] SuspendThread: Access is denied. (0x5)
[1114/225432.654:ERROR:process_reader_win.cc(151)] SuspendThread: Access is denied. (0x5)
[1114/225432.654:ERROR:process_reader_win.cc(151)] SuspendThread: Access is denied. (0x5)
[1114/225432.654:ERROR:process_reader_win.cc(151)] SuspendThread: Access is denied. (0x5)
[1114/225432.654:ERROR:process_reader_win.cc(151)] SuspendThread: Access is denied. (0x5)
[1114/225432.654:ERROR:process_reader_win.cc(151)] SuspendThread: Access is denied. (0x5)
[1114/225432.654:ERROR:process_reader_win.cc(151)] SuspendThread: Access is denied. (0x5)
[1114/225432.654:ERROR:process_reader_win.cc(151)] SuspendThread: Access is denied. (0x5)
[1114/225432.654:ERROR:process_reader_win.cc(151)] SuspendThread: Access is denied. (0x5)
[1114/225432.654:ERROR:process_reader_win.cc(151)] SuspendThread: Access is denied. (0x5)
[1114/225432.654:ERROR:process_reader_win.cc(151)] SuspendThread: Access is denied. (0x5)
[1114/225432.654:ERROR:process_reader_win.cc(151)] SuspendThread: Access is denied. (0x5)
[1114/225432.654:ERROR:process_reader_win.cc(151)] SuspendThread: Access is denied. (0x5)
[1114/225432.654:ERROR:process_reader_win.cc(151)] SuspendThread: Access is denied. (0x5)
[1114/225432.654:ERROR:process_reader_win.cc(151)] SuspendThread: Access is denied. (0x5)
[1114/225432.654:ERROR:process_reader_win.cc(151)] SuspendThread: Access is denied. (0x5)
[1114/225432.654:ERROR:process_reader_win.cc(151)] SuspendThread: Access is denied. (0x5)
[1114/225432.654:ERROR:process_reader_win.cc(151)] SuspendThread: Access is denied. (0x5)
[1114/225432.654:ERROR:process_reader_win.cc(151)] SuspendThread: Access is denied. (0x5)
[1114/225432.654:ERROR:process_reader_win.cc(151)] SuspendThread: Access is denied. (0x5)
[1114/225432.625:ERROR:process_reader_win.cc(151)] SuspendThread: Access is denied. (0x5)
[1114/225432.654:ERROR:process_reader_win.cc(151)] SuspendThread: Access is denied. (0x5)
[1114/225432.654:ERROR:process_reader_win.cc(151)] SuspendThread: Access is denied. (0x5)
[1114/225432.654:ERROR:process_reader_win.cc(151)] SuspendThread: Access is denied. (0x5)
[1114/225432.654:ERROR:process_reader_win.cc(151)] SuspendThread: Access is denied. (0x5)
[1114/225432.654:ERROR:process_reader_win.cc(151)] SuspendThread: Access is denied. (0x5)
[1114/225432.654:ERROR:process_reader_win.cc(151)] SuspendThread: Access is denied. (0x5)
[1114/225432.654:ERROR:process_reader_win.cc(151)] SuspendThread: Access is denied. (0x5)
[1114/225432.654:ERROR:process_reader_win.cc(151)] SuspendThread: Access is denied. (0x5)
[1114/225432.654:ERROR:process_reader_win.cc(151)] SuspendThread: Access is denied. (0x5)
[1114/225432.654:ERROR:process_reader_win.cc(151)] SuspendThread: Access is denied. (0x5)
[1114/225432.654:ERROR:process_reader_win.cc(151)] SuspendThread: Access is denied. (0x5)
[1114/225432.654:ERROR:process_reader_win.cc(151)] SuspendThread: Access is denied. (0x5)
[1114/225432.654:ERROR:process_reader_win.cc(151)] SuspendThread: Access is denied. (0x5)
[1114/225432.654:ERROR:process_reader_win.cc(151)] SuspendThread: Access is denied. (0x5)
[1114/225432.654:ERROR:process_reader_win.cc(151)] SuspendThread: Access is denied. (0x5)
[1114/225432.654:ERROR:process_reader_win.cc(151)] SuspendThread: Access is denied. (0x5)
[1114/225432.654:ERROR:process_reader_win.cc(151)] SuspendThread: Access is denied. (0x5)
[1114/225432.654:ERROR:process_reader_win.cc(151)] SuspendThread: Access is denied. (0x5)
[1114/225432.655:ERROR:process_reader_win.cc(151)] SuspendThread: Access is denied. (0x5)
[1114/225432.655:ERROR:process_reader_win.cc(151)] SuspendThread: Access is denied. (0x5)
[1114/225432.655:ERROR:process_reader_win.cc(151)] SuspendThread: Access is denied. (0x5)
[1114/225432.655:ERROR:process_reader_win.cc(151)] SuspendThread: Access is denied. (0x5)
[1114/225432.635:ERROR:process_reader_win.cc(151)] SuspendThread: Access is denied. (0x5)
[1114/225432.655:ERROR:process_reader_win.cc(151)] SuspendThread: Access is denied. (0x5)
[1114/225432.655:ERROR:process_reader_win.cc(151)] SuspendThread: Access is denied. (0x5)
[1114/225432.655:ERROR:process_reader_win.cc(151)] SuspendThread: Access is denied. (0x5)
[1114/225432.655:ERROR:process_reader_win.cc(151)] SuspendThread: Access is denied. (0x5)
[1114/225432.655:ERROR:process_reader_win.cc(151)] SuspendThread: Access is denied. (0x5)
[1114/225432.655:ERROR:process_reader_win.cc(151)] SuspendThread: Access is denied. (0x5)
[1114/225432.655:ERROR:process_reader_win.cc(151)] SuspendThread: Access is denied. (0x5)
[1114/225432.655:ERROR:process_reader_win.cc(151)] SuspendThread: Access is denied. (0x5)
[1114/225432.655:ERROR:process_reader_win.cc(151)] SuspendThread: Access is denied. (0x5)
[1114/225432.655:ERROR:process_reader_win.cc(151)] SuspendThread: Access is denied. (0x5)
[1114/225432.655:ERROR:process_reader_win.cc(151)] SuspendThread: Access is denied. (0x5)
[1114/225432.655:ERROR:process_reader_win.cc(151)] SuspendThread: Access is denied. (0x5)
[1114/225432.655:ERROR:process_reader_win.cc(151)] SuspendThread: Access is denied. (0x5)
[1114/225432.655:ERROR:process_reader_win.cc(151)] SuspendThread: Access is denied. (0x5)
[1114/225432.655:ERROR:process_reader_win.cc(151)] SuspendThread: Access is denied. (0x5)
[1114/225432.655:ERROR:process_reader_win.cc(151)] SuspendThread: Access is denied. (0x5)
[1114/225432.655:ERROR:process_reader_win.cc(151)] SuspendThread: Access is denied. (0x5)
[1114/225432.655:ERROR:process_reader_win.cc(151)] SuspendThread: Access is denied. (0x5)
[1114/225432.655:ERROR:process_reader_win.cc(151)] SuspendThread: Access is denied. (0x5)
[1114/225432.655:ERROR:process_reader_win.cc(151)] SuspendThread: Access is denied. (0x5)
[1114/225432.655:ERROR:process_reader_win.cc(151)] SuspendThread: Access is denied. (0x5)
[1114/225432.655:ERROR:process_reader_win.cc(151)] SuspendThread: Access is denied. (0x5)
[1114/225432.655:ERROR:process_reader_win.cc(151)] SuspendThread: Access is denied. (0x5)
[1114/225432.655:ERROR:process_reader_win.cc(151)] SuspendThread: Access is denied. (0x5)
[1114/225432.655:ERROR:process_reader_win.cc(151)] SuspendThread: Access is denied. (0x5)
[1114/225432.639:ERROR:process_reader_win.cc(151)] SuspendThread: Access is denied. (0x5)
[1114/225432.655:ERROR:process_reader_win.cc(151)] SuspendThread: Access is denied. (0x5)
[1114/225432.655:ERROR:process_reader_win.cc(151)] SuspendThread: Access is denied. (0x5)
[1114/225432.655:ERROR:process_reader_win.cc(151)] SuspendThread: Access is denied. (0x5)
[1114/225432.655:ERROR:process_reader_win.cc(151)] SuspendThread: Access is denied. (0x5)
[1114/225432.655:ERROR:process_reader_win.cc(151)] SuspendThread: Access is denied. (0x5)
[1114/225432.655:ERROR:process_reader_win.cc(151)] SuspendThread: Access is denied. (0x5)
[1114/225432.655:ERROR:process_reader_win.cc(151)] SuspendThread: Access is denied. (0x5)
[1114/225432.655:ERROR:process_reader_win.cc(151)] SuspendThread: Access is denied. (0x5)
[1114/225432.655:ERROR:process_reader_win.cc(151)] SuspendThread: Access is denied. (0x5)
[1114/225432.655:ERROR:process_reader_win.cc(151)] SuspendThread: Access is denied. (0x5)
[1114/225432.655:ERROR:process_reader_win.cc(151)] SuspendThread: Access is denied. (0x5)
[1114/225432.655:ERROR:process_reader_win.cc(151)] SuspendThread: Access is denied. (0x5)
[1114/225432.655:ERROR:process_reader_win.cc(151)] SuspendThread: Access is denied. (0x5)
[1114/225432.655:ERROR:process_reader_win.cc(151)] SuspendThread: Access is denied. (0x5)
[1114/225432.655:ERROR:process_reader_win.cc(151)] SuspendThread: Access is denied. (0x5)
[1114/225432.655:ERROR:process_reader_win.cc(151)] SuspendThread: Access is denied. (0x5)
[1114/225432.655:ERROR:process_reader_win.cc(151)] SuspendThread: Access is denied. (0x5)
[1114/225432.655:ERROR:process_reader_win.cc(151)] SuspendThread: Access is denied. (0x5)
[1114/225432.655:ERROR:process_reader_win.cc(151)] SuspendThread: Access is denied. (0x5)
[1114/225432.655:ERROR:process_reader_win.cc(151)] SuspendThread: Access is denied. (0x5)
[1114/225432.655:ERROR:process_reader_win.cc(151)] SuspendThread: Access is denied. (0x5)
[1114/225432.655:ERROR:process_reader_win.cc(151)] SuspendThread: Access is denied. (0x5)
[1114/225432.655:ERROR:process_reader_win.cc(151)] SuspendThread: Access is denied. (0x5)
[1114/225432.640:ERROR:process_reader_win.cc(151)] SuspendThread: Access is denied. (0x5)
[1114/225432.653:ERROR:process_reader_win.cc(123)] NtOpenThread: {Access Denied} A process has requested access to an object, but has not been granted those access rights. (0xc0000022)
[1114/225432.656:ERROR:process_reader_win.cc(151)] SuspendThread: Access is denied. (0x5)
[1114/225432.656:ERROR:exception_snapshot_win.cc(99)] thread ID 20740 not found in process
[1114/225432.656:ERROR:process_reader_win.cc(151)] SuspendThread: Access is denied. (0x5)
[1114/225432.656:ERROR:process_reader_win.cc(151)] SuspendThread: Access is denied. (0x5)
[1114/225432.656:ERROR:process_reader_win.cc(151)] SuspendThread: Access is denied. (0x5)
[1114/225432.656:ERROR:process_reader_win.cc(151)] SuspendThread: Access is denied. (0x5)
[1114/225432.656:ERROR:process_reader_win.cc(151)] SuspendThread: Access is denied. (0x5)
[1114/225432.656:ERROR:process_reader_win.cc(151)] SuspendThread: Access is denied. (0x5)
[1114/225432.656:ERROR:process_reader_win.cc(151)] SuspendThread: Access is denied. (0x5)
[1114/225432.656:ERROR:process_reader_win.cc(151)] SuspendThread: Access is denied. (0x5)
[1114/225432.656:ERROR:process_reader_win.cc(151)] SuspendThread: Access is denied. (0x5)
[1114/225432.656:ERROR:process_reader_win.cc(151)] SuspendThread: Access is denied. (0x5)
[1114/225432.656:ERROR:process_reader_win.cc(151)] SuspendThread: Access is denied. (0x5)
[1114/225432.656:ERROR:process_reader_win.cc(151)] SuspendThread: Access is denied. (0x5)
[1114/225432.656:ERROR:process_reader_win.cc(151)] SuspendThread: Access is denied. (0x5)
[1114/225432.656:ERROR:process_reader_win.cc(151)] SuspendThread: Access is denied. (0x5)
[1114/225432.656:ERROR:process_reader_win.cc(151)] SuspendThread: Access is denied. (0x5)
[1114/225432.656:ERROR:process_reader_win.cc(151)] SuspendThread: Access is denied. (0x5)
[1114/225432.656:ERROR:process_reader_win.cc(151)] SuspendThread: Access is denied. (0x5)
[1114/225432.656:ERROR:process_reader_win.cc(151)] SuspendThread: Access is denied. (0x5)
[1114/225432.656:ERROR:process_reader_win.cc(151)] SuspendThread: Access is denied. (0x5)
[1114/225432.656:ERROR:process_reader_win.cc(151)] SuspendThread: Access is denied. (0x5)
[1114/225432.656:ERROR:process_reader_win.cc(151)] SuspendThread: Access is denied. (0x5)
[1114/225432.656:ERROR:process_reader_win.cc(151)] SuspendThread: Access is denied. (0x5)
[1114/225432.656:ERROR:process_reader_win.cc(151)] SuspendThread: Access is denied. (0x5)
[1114/225432.652:ERROR:process_reader_win.cc(151)] SuspendThread: Access is denied. (0x5)
[1114/225432.656:ERROR:process_reader_win.cc(151)] SuspendThread: Access is denied. (0x5)
[1114/225432.656:ERROR:process_reader_win.cc(151)] SuspendThread: Access is denied. (0x5)
[1114/225432.653:ERROR:process_reader_win.cc(123)] NtOpenThread: {Access Denied} A process has requested access to an object, but has not been granted those access rights. (0xc0000022)
[1114/225432.656:ERROR:process_reader_win.cc(151)] SuspendThread: Access is denied. (0x5)
[1114/225432.654:ERROR:process_reader_win.cc(123)] NtOpenThread: {Access Denied} A process has requested access to an object, but has not been granted those access rights. (0xc0000022)
[1114/225432.655:ERROR:process_reader_win.cc(123)] NtOpenThread: {Access Denied} A process has requested access to an object, but has not been granted those access rights. (0xc0000022)
[1114/225432.657:ERROR:exception_snapshot_win.cc(99)] thread ID 20564 not found in process
[1114/225432.656:ERROR:process_reader_win.cc(123)] NtOpenThread: {Access Denied} A process has requested access to an object, but has not been granted those access rights. (0xc0000022)
[1114/225432.657:ERROR:process_reader_win.cc(151)] SuspendThread: Access is denied. (0x5)
[1114/225432.655:ERROR:process_reader_win.cc(123)] NtOpenThread: {Access Denied} A process has requested access to an object, but has not been granted those access rights. (0xc0000022)
[1114/225432.657:ERROR:exception_snapshot_win.cc(99)] thread ID 20272 not found in process
[1114/225432.655:ERROR:process_reader_win.cc(123)] NtOpenThread: {Access Denied} A process has requested access to an object, but has not been granted those access rights. (0xc0000022)
[1114/225432.657:ERROR:exception_snapshot_win.cc(99)] thread ID 20924 not found in process
[1114/225432.663:ERROR:exception_snapshot_win.cc(99)] thread ID 19260 not found in process
[1114/225432.663:ERROR:process_reader_win.cc(151)] SuspendThread: Access is denied. (0x5)
[1114/225432.663:ERROR:exception_snapshot_win.cc(99)] thread ID 18240 not found in process
[1114/225432.668:ERROR:exception_snapshot_win.cc(99)] thread ID 20560 not found in process
[1114/225432.672:ERROR:process_reader_win.cc(151)] SuspendThread: Access is denied. (0x5)
[1114/225432.673:ERROR:process_reader_win.cc(151)] SuspendThread: Access is denied. (0x5)
[1114/225432.674:ERROR:process_reader_win.cc(151)] SuspendThread: Access is denied. (0x5)
[1114/225432.679:ERROR:process_reader_win.cc(151)] SuspendThread: Access is denied. (0x5)
[1114/225432.683:ERROR:process_reader_win.cc(151)] SuspendThread: Access is denied. (0x5)
[1114/225432.683:ERROR:process_reader_win.cc(151)] SuspendThread: Access is denied. (0x5)
[1114/225432.683:ERROR:process_reader_win.cc(151)] SuspendThread: Access is denied. (0x5)
[1114/225432.683:ERROR:process_reader_win.cc(151)] SuspendThread: Access is denied. (0x5)
[1114/225432.683:ERROR:process_reader_win.cc(151)] SuspendThread: Access is denied. (0x5)
[1114/225432.683:ERROR:process_reader_win.cc(151)] SuspendThread: Access is denied. (0x5)
[1114/225432.683:ERROR:process_reader_win.cc(151)] SuspendThread: Access is denied. (0x5)
[1114/225432.683:ERROR:process_reader_win.cc(151)] SuspendThread: Access is denied. (0x5)
[1114/225432.683:ERROR:process_reader_win.cc(151)] SuspendThread: Access is denied. (0x5)
[1114/225432.683:ERROR:process_reader_win.cc(151)] SuspendThread: Access is denied. (0x5)
[1114/225432.683:ERROR:process_reader_win.cc(151)] SuspendThread: Access is denied. (0x5)
[1114/225432.683:ERROR:process_reader_win.cc(151)] SuspendThread: Access is denied. (0x5)
[1114/225432.683:ERROR:process_reader_win.cc(151)] SuspendThread: Access is denied. (0x5)
[1114/225432.683:ERROR:process_reader_win.cc(151)] SuspendThread: Access is denied. (0x5)
[1114/225432.683:ERROR:process_reader_win.cc(151)] SuspendThread: Access is denied. (0x5)
[1114/225432.683:ERROR:process_reader_win.cc(151)] SuspendThread: Access is denied. (0x5)
[1114/225432.683:ERROR:process_reader_win.cc(151)] SuspendThread: Access is denied. (0x5)
[1114/225432.684:ERROR:process_reader_win.cc(151)] SuspendThread: Access is denied. (0x5)
[1114/225432.684:ERROR:process_reader_win.cc(151)] SuspendThread: Access is denied. (0x5)
[1114/225432.667:ERROR:process_reader_win.cc(151)] SuspendThread: Access is denied. (0x5)
[1114/225432.684:ERROR:process_reader_win.cc(151)] SuspendThread: Access is denied. (0x5)
[1114/225432.684:ERROR:process_reader_win.cc(151)] SuspendThread: Access is denied. (0x5)
[1114/225432.684:ERROR:process_reader_win.cc(151)] SuspendThread: Access is denied. (0x5)
[1114/225432.684:ERROR:process_reader_win.cc(151)] SuspendThread: Access is denied. (0x5)
[1114/225432.684:ERROR:process_reader_win.cc(151)] SuspendThread: Access is denied. (0x5)
[1114/225432.684:ERROR:process_reader_win.cc(151)] SuspendThread: Access is denied. (0x5)
[1114/225432.684:ERROR:process_reader_win.cc(151)] SuspendThread: Access is denied. (0x5)
[1114/225432.684:ERROR:process_reader_win.cc(151)] SuspendThread: Access is denied. (0x5)
[1114/225432.684:ERROR:process_reader_win.cc(151)] SuspendThread: Access is denied. (0x5)
[1114/225432.684:ERROR:process_reader_win.cc(151)] SuspendThread: Access is denied. (0x5)
[1114/225432.684:ERROR:process_reader_win.cc(151)] SuspendThread: Access is denied. (0x5)
[1114/225432.684:ERROR:process_reader_win.cc(151)] SuspendThread: Access is denied. (0x5)
[1114/225432.684:ERROR:process_reader_win.cc(151)] SuspendThread: Access is denied. (0x5)
[1114/225432.684:ERROR:process_reader_win.cc(151)] SuspendThread: Access is denied. (0x5)
[1114/225432.684:ERROR:process_reader_win.cc(151)] SuspendThread: Access is denied. (0x5)
[1114/225432.684:ERROR:process_reader_win.cc(151)] SuspendThread: Access is denied. (0x5)
[1114/225432.684:ERROR:process_reader_win.cc(151)] SuspendThread: Access is denied. (0x5)
[1114/225432.684:ERROR:process_reader_win.cc(151)] SuspendThread: Access is denied. (0x5)
[1114/225432.684:ERROR:process_reader_win.cc(151)] SuspendThread: Access is denied. (0x5)
[1114/225432.684:ERROR:process_reader_win.cc(151)] SuspendThread: Access is denied. (0x5)
[1114/225432.684:ERROR:process_reader_win.cc(151)] SuspendThread: Access is denied. (0x5)
[1114/225432.684:ERROR:process_reader_win.cc(151)] SuspendThread: Access is denied. (0x5)
[1114/225432.684:ERROR:process_reader_win.cc(151)] SuspendThread: Access is denied. (0x5)
[1114/225432.684:ERROR:process_reader_win.cc(151)] SuspendThread: Access is denied. (0x5)
[1114/225432.684:ERROR:process_reader_win.cc(151)] SuspendThread: Access is denied. (0x5)
[1114/225432.684:ERROR:process_reader_win.cc(151)] SuspendThread: Access is denied. (0x5)
[1114/225432.684:ERROR:process_reader_win.cc(151)] SuspendThread: Access is denied. (0x5)
[1114/225432.684:ERROR:process_reader_win.cc(151)] SuspendThread: Access is denied. (0x5)
[1114/225432.684:ERROR:process_reader_win.cc(151)] SuspendThread: Access is denied. (0x5)
[1114/225432.661:ERROR:process_reader_win.cc(151)] SuspendThread: Access is denied. (0x5)
[1114/225432.685:ERROR:process_reader_win.cc(151)] SuspendThread: Access is denied. (0x5)
[1114/225432.685:ERROR:process_reader_win.cc(151)] SuspendThread: Access is denied. (0x5)
[1114/225432.685:ERROR:process_reader_win.cc(151)] SuspendThread: Access is denied. (0x5)
[1114/225432.685:ERROR:process_reader_win.cc(151)] SuspendThread: Access is denied. (0x5)
[1114/225432.685:ERROR:process_reader_win.cc(151)] SuspendThread: Access is denied. (0x5)
[1114/225432.685:ERROR:process_reader_win.cc(151)] SuspendThread: Access is denied. (0x5)
[1114/225432.685:ERROR:process_reader_win.cc(151)] SuspendThread: Access is denied. (0x5)
[1114/225432.685:ERROR:process_reader_win.cc(151)] SuspendThread: Access is denied. (0x5)
[1114/225432.685:ERROR:process_reader_win.cc(151)] SuspendThread: Access is denied. (0x5)
[1114/225432.685:ERROR:process_reader_win.cc(151)] SuspendThread: Access is denied. (0x5)
[1114/225432.685:ERROR:process_reader_win.cc(151)] SuspendThread: Access is denied. (0x5)
[1114/225432.685:ERROR:process_reader_win.cc(151)] SuspendThread: Access is denied. (0x5)
[1114/225432.685:ERROR:process_reader_win.cc(151)] SuspendThread: Access is denied. (0x5)
[1114/225432.685:ERROR:process_reader_win.cc(151)] SuspendThread: Access is denied. (0x5)
[1114/225432.685:ERROR:process_reader_win.cc(151)] SuspendThread: Access is denied. (0x5)
[1114/225432.685:ERROR:process_reader_win.cc(151)] SuspendThread: Access is denied. (0x5)
[1114/225432.684:ERROR:process_reader_win.cc(123)] NtOpenThread: {Access Denied} A process has requested access to an object, but has not been granted those access rights. (0xc0000022)
[1114/225432.685:ERROR:exception_snapshot_win.cc(99)] thread ID 20992 not found in process
[1114/225432.685:ERROR:process_reader_win.cc(151)] SuspendThread: Access is denied. (0x5)
[1114/225432.685:ERROR:process_reader_win.cc(151)] SuspendThread: Access is denied. (0x5)
[1114/225432.685:ERROR:process_reader_win.cc(151)] SuspendThread: Access is denied. (0x5)
[1114/225432.685:ERROR:process_reader_win.cc(151)] SuspendThread: Access is denied. (0x5)
[1114/225432.685:ERROR:process_reader_win.cc(151)] SuspendThread: Access is denied. (0x5)
[1114/225432.685:ERROR:process_reader_win.cc(151)] SuspendThread: Access is denied. (0x5)
[1114/225432.685:ERROR:process_reader_win.cc(151)] SuspendThread: Access is denied. (0x5)
[1114/225432.685:ERROR:process_reader_win.cc(151)] SuspendThread: Access is denied. (0x5)
[1114/225432.685:ERROR:process_reader_win.cc(151)] SuspendThread: Access is denied. (0x5)
[1114/225432.685:ERROR:process_reader_win.cc(151)] SuspendThread: Access is denied. (0x5)
[1114/225432.685:ERROR:process_reader_win.cc(151)] SuspendThread: Access is denied. (0x5)
[1114/225432.685:ERROR:process_reader_win.cc(151)] SuspendThread: Access is denied. (0x5)
[1114/225432.685:ERROR:process_reader_win.cc(123)] NtOpenThread: {Access Denied} A process has requested access to an object, but has not been granted those access rights. (0xc0000022)
[1114/225432.686:ERROR:exception_snapshot_win.cc(99)] thread ID 21132 not found in process
[1114/225432.688:ERROR:process_reader_win.cc(151)] SuspendThread: Access is denied. (0x5)
[1114/225432.689:ERROR:process_reader_win.cc(151)] SuspendThread: Access is denied. (0x5)
[1114/225432.689:ERROR:process_reader_win.cc(151)] SuspendThread: Access is denied. (0x5)
[1114/225432.689:ERROR:process_reader_win.cc(151)] SuspendThread: Access is denied. (0x5)
[1114/225432.689:ERROR:process_reader_win.cc(151)] SuspendThread: Access is denied. (0x5)
[1114/225432.689:ERROR:process_reader_win.cc(151)] SuspendThread: Access is denied. (0x5)
[1114/225432.689:ERROR:process_reader_win.cc(151)] SuspendThread: Access is denied. (0x5)
[1114/225432.689:ERROR:process_reader_win.cc(151)] SuspendThread: Access is denied. (0x5)
[1114/225432.689:ERROR:process_reader_win.cc(151)] SuspendThread: Access is denied. (0x5)
[1114/225432.689:ERROR:process_reader_win.cc(151)] SuspendThread: Access is denied. (0x5)
[1114/225432.689:ERROR:process_reader_win.cc(151)] SuspendThread: Access is denied. (0x5)
[1114/225432.689:ERROR:process_reader_win.cc(123)] NtOpenThread: {Access Denied} A process has requested access to an object, but has not been granted those access rights. (0xc0000022)
[1114/225432.689:ERROR:exception_snapshot_win.cc(99)] thread ID 17456 not found in process
[1114/225432.684:ERROR:process_reader_win.cc(151)] SuspendThread: Access is denied. (0x5)
[1114/225432.689:ERROR:process_reader_win.cc(151)] SuspendThread: Access is denied. (0x5)
[1114/225432.689:ERROR:process_reader_win.cc(151)] SuspendThread: Access is denied. (0x5)
[1114/225432.689:ERROR:process_reader_win.cc(151)] SuspendThread: Access is denied. (0x5)
[1114/225432.689:ERROR:process_reader_win.cc(151)] SuspendThread: Access is denied. (0x5)
[1114/225432.689:ERROR:process_reader_win.cc(123)] NtOpenThread: {Access Denied} A process has requested access to an object, but has not been granted those access rights. (0xc0000022)
[1114/225432.689:ERROR:exception_snapshot_win.cc(99)] thread ID 20576 not found in process
[1114/225432.684:ERROR:process_reader_win.cc(151)] SuspendThread: Access is denied. (0x5)
[1114/225432.689:ERROR:process_reader_win.cc(151)] SuspendThread: Access is denied. (0x5)
[1114/225432.689:ERROR:process_reader_win.cc(151)] SuspendThread: Access is denied. (0x5)
[1114/225432.690:ERROR:process_reader_win.cc(151)] SuspendThread: Access is denied. (0x5)
[1114/225432.690:ERROR:process_reader_win.cc(151)] SuspendThread: Access is denied. (0x5)
[1114/225432.690:ERROR:process_reader_win.cc(151)] SuspendThread: Access is denied. (0x5)
[1114/225432.690:ERROR:process_reader_win.cc(151)] SuspendThread: Access is denied. (0x5)
[1114/225432.690:ERROR:process_reader_win.cc(151)] SuspendThread: Access is denied. (0x5)
[1114/225432.690:ERROR:process_reader_win.cc(151)] SuspendThread: Access is denied. (0x5)
[1114/225432.690:ERROR:process_reader_win.cc(123)] NtOpenThread: {Access Denied} A process has requested access to an object, but has not been granted those access rights. (0xc0000022)
[1114/225432.690:ERROR:exception_snapshot_win.cc(99)] thread ID 20720 not found in process
[1114/225432.684:ERROR:process_reader_win.cc(151)] SuspendThread: Access is denied. (0x5)
[1114/225432.690:ERROR:process_reader_win.cc(151)] SuspendThread: Access is denied. (0x5)
[1114/225432.690:ERROR:process_reader_win.cc(151)] SuspendThread: Access is denied. (0x5)
[1114/225432.690:ERROR:process_reader_win.cc(151)] SuspendThread: Access is denied. (0x5)
[1114/225432.690:ERROR:process_reader_win.cc(151)] SuspendThread: Access is denied. (0x5)
[1114/225432.690:ERROR:process_reader_win.cc(123)] NtOpenThread: {Access Denied} A process has requested access to an object, but has not been granted those access rights. (0xc0000022)
[1114/225432.690:ERROR:exception_snapshot_win.cc(99)] thread ID 20724 not found in process
[1114/225432.684:ERROR:process_reader_win.cc(151)] SuspendThread: Access is denied. (0x5)
[1114/225432.690:ERROR:process_reader_win.cc(151)] SuspendThread: Access is denied. (0x5)
[1114/225432.690:ERROR:process_reader_win.cc(151)] SuspendThread: Access is denied. (0x5)
[1114/225432.690:ERROR:process_reader_win.cc(151)] SuspendThread: Access is denied. (0x5)
[1114/225432.690:ERROR:process_reader_win.cc(151)] SuspendThread: Access is denied. (0x5)
[1114/225432.690:ERROR:process_reader_win.cc(151)] SuspendThread: Access is denied. (0x5)
[1114/225432.691:ERROR:process_reader_win.cc(151)] SuspendThread: Access is denied. (0x5)
[1114/225432.691:ERROR:process_reader_win.cc(151)] SuspendThread: Access is denied. (0x5)
[1114/225432.691:ERROR:process_reader_win.cc(151)] SuspendThread: Access is denied. (0x5)
[1114/225432.691:ERROR:process_reader_win.cc(151)] SuspendThread: Access is denied. (0x5)
[1114/225432.691:ERROR:process_reader_win.cc(151)] SuspendThread: Access is denied. (0x5)
[1114/225432.691:ERROR:process_reader_win.cc(151)] SuspendThread: Access is denied. (0x5)
[1114/225432.691:ERROR:process_reader_win.cc(151)] SuspendThread: Access is denied. (0x5)
[1114/225432.691:ERROR:process_reader_win.cc(151)] SuspendThread: Access is denied. (0x5)
[1114/225432.691:ERROR:process_reader_win.cc(151)] SuspendThread: Access is denied. (0x5)
[1114/225432.691:ERROR:process_reader_win.cc(123)] NtOpenThread: {Access Denied} A process has requested access to an object, but has not been granted those access rights. (0xc0000022)
[1114/225432.691:ERROR:exception_snapshot_win.cc(99)] thread ID 21008 not found in process
[1114/225432.684:ERROR:process_reader_win.cc(151)] SuspendThread: Access is denied. (0x5)
[1114/225432.693:ERROR:process_reader_win.cc(151)] SuspendThread: Access is denied. (0x5)
[1114/225432.693:ERROR:process_reader_win.cc(151)] SuspendThread: Access is denied. (0x5)
[1114/225432.693:ERROR:process_reader_win.cc(151)] SuspendThread: Access is denied. (0x5)
[1114/225432.693:ERROR:process_reader_win.cc(151)] SuspendThread: Access is denied. (0x5)
[1114/225432.693:ERROR:process_reader_win.cc(151)] SuspendThread: Access is denied. (0x5)
[1114/225432.693:ERROR:process_reader_win.cc(151)] SuspendThread: Access is denied. (0x5)
[1114/225432.693:ERROR:process_reader_win.cc(151)] SuspendThread: Access is denied. (0x5)
[1114/225432.693:ERROR:process_reader_win.cc(151)] SuspendThread: Access is denied. (0x5)
[1114/225432.693:ERROR:process_reader_win.cc(123)] NtOpenThread: {Access Denied} A process has requested access to an object, but has not been granted those access rights. (0xc0000022)
[1114/225432.693:ERROR:exception_snapshot_win.cc(99)] thread ID 21424 not found in process
[1114/225432.655:ERROR:process_reader_win.cc(151)] SuspendThread: Access is denied. (0x5)
[1114/225432.693:ERROR:process_reader_win.cc(151)] SuspendThread: Access is denied. (0x5)
[1114/225432.693:ERROR:process_reader_win.cc(151)] SuspendThread: Access is denied. (0x5)
[1114/225432.693:ERROR:process_reader_win.cc(151)] SuspendThread: Access is denied. (0x5)
[1114/225432.693:ERROR:process_reader_win.cc(151)] SuspendThread: Access is denied. (0x5)
[1114/225432.693:ERROR:process_reader_win.cc(151)] SuspendThread: Access is denied. (0x5)
[1114/225432.693:ERROR:process_reader_win.cc(151)] SuspendThread: Access is denied. (0x5)
[1114/225432.693:ERROR:process_reader_win.cc(151)] SuspendThread: Access is denied. (0x5)
[1114/225432.693:ERROR:process_reader_win.cc(151)] SuspendThread: Access is denied. (0x5)
[1114/225432.693:ERROR:process_reader_win.cc(151)] SuspendThread: Access is denied. (0x5)
[1114/225432.693:ERROR:process_reader_win.cc(151)] SuspendThread: Access is denied. (0x5)
[1114/225432.693:ERROR:process_reader_win.cc(151)] SuspendThread: Access is denied. (0x5)
[1114/225432.693:ERROR:process_reader_win.cc(151)] SuspendThread: Access is denied. (0x5)
[1114/225432.693:ERROR:process_reader_win.cc(151)] SuspendThread: Access is denied. (0x5)
[1114/225432.693:ERROR:process_reader_win.cc(151)] SuspendThread: Access is denied. (0x5)
[1114/225432.693:ERROR:process_reader_win.cc(151)] SuspendThread: Access is denied. (0x5)
[1114/225432.693:ERROR:process_reader_win.cc(151)] SuspendThread: Access is denied. (0x5)
[1114/225432.693:ERROR:process_reader_win.cc(151)] SuspendThread: Access is denied. (0x5)
[1114/225432.693:ERROR:process_reader_win.cc(151)] SuspendThread: Access is denied. (0x5)
[1114/225432.693:ERROR:process_reader_win.cc(151)] SuspendThread: Access is denied. (0x5)
[1114/225432.693:ERROR:process_reader_win.cc(151)] SuspendThread: Access is denied. (0x5)
[1114/225432.693:ERROR:process_reader_win.cc(151)] SuspendThread: Access is denied. (0x5)
[1114/225432.693:ERROR:process_reader_win.cc(151)] SuspendThread: Access is denied. (0x5)
[1114/225432.693:ERROR:process_reader_win.cc(151)] SuspendThread: Access is denied. (0x5)
[1114/225432.694:ERROR:process_reader_win.cc(151)] SuspendThread: Access is denied. (0x5)
[1114/225432.694:ERROR:process_reader_win.cc(123)] NtOpenThread: {Access Denied} A process has requested access to an object, but has not been granted those access rights. (0xc0000022)
[1114/225432.694:ERROR:exception_snapshot_win.cc(99)] thread ID 18448 not found in process
[1114/225432.695:ERROR:process_reader_win.cc(151)] SuspendThread: Access is denied. (0x5)
[1114/225432.695:ERROR:process_reader_win.cc(151)] SuspendThread: Access is denied. (0x5)
[1114/225432.695:ERROR:process_reader_win.cc(151)] SuspendThread: Access is denied. (0x5)
[1114/225432.695:ERROR:process_reader_win.cc(151)] SuspendThread: Access is denied. (0x5)
[1114/225432.695:ERROR:process_reader_win.cc(151)] SuspendThread: Access is denied. (0x5)
[1114/225432.695:ERROR:process_reader_win.cc(151)] SuspendThread: Access is denied. (0x5)
[1114/225432.695:ERROR:process_reader_win.cc(151)] SuspendThread: Access is denied. (0x5)
[1114/225432.695:ERROR:process_reader_win.cc(151)] SuspendThread: Access is denied. (0x5)
[1114/225432.695:ERROR:process_reader_win.cc(151)] SuspendThread: Access is denied. (0x5)
[1114/225432.695:ERROR:process_reader_win.cc(151)] SuspendThread: Access is denied. (0x5)
[1114/225432.695:ERROR:process_reader_win.cc(151)] SuspendThread: Access is denied. (0x5)
[1114/225432.695:ERROR:process_reader_win.cc(123)] NtOpenThread: {Access Denied} A process has requested access to an object, but has not been granted those access rights. (0xc0000022)
[1114/225432.695:ERROR:exception_snapshot_win.cc(99)] thread ID 18888 not found in process
[1114/225432.707:ERROR:process_reader_win.cc(151)] SuspendThread: Access is denied. (0x5)
[1114/225432.707:ERROR:process_reader_win.cc(151)] SuspendThread: Access is denied. (0x5)
[1114/225432.707:ERROR:process_reader_win.cc(151)] SuspendThread: Access is denied. (0x5)
[1114/225432.707:ERROR:process_reader_win.cc(123)] NtOpenThread: {Access Denied} A process has requested access to an object, but has not been granted those access rights. (0xc0000022)
[1114/225432.707:ERROR:exception_snapshot_win.cc(99)] thread ID 20732 not found in process
[1114/225432.715:ERROR:process_reader_win.cc(151)] SuspendThread: Access is denied. (0x5)
[1114/225432.715:ERROR:process_reader_win.cc(151)] SuspendThread: Access is denied. (0x5)
[1114/225432.715:ERROR:process_reader_win.cc(151)] SuspendThread: Access is denied. (0x5)
[1114/225432.715:ERROR:process_reader_win.cc(123)] NtOpenThread: {Access Denied} A process has requested access to an object, but has not been granted those access rights. (0xc0000022)
[1114/225432.715:ERROR:exception_snapshot_win.cc(99)] thread ID 20716 not found in process
[1114/225432.736:ERROR:process_reader_win.cc(151)] SuspendThread: Access is denied. (0x5)
[1114/225432.736:ERROR:process_reader_win.cc(151)] SuspendThread: Access is denied. (0x5)
[1114/225432.736:ERROR:process_reader_win.cc(123)] NtOpenThread: {Access Denied} A process has requested access to an object, but has not been granted those access rights. (0xc0000022)
[1114/225432.736:ERROR:process_reader_win.cc(123)] NtOpenThread: {Access Denied} A process has requested access to an object, but has not been granted those access rights. (0xc0000022)
[1114/225432.736:ERROR:exception_snapshot_win.cc(99)] thread ID 21364 not found in process
[1114/225432.748:ERROR:process_reader_win.cc(151)] SuspendThread: Access is denied. (0x5)
[1114/225432.748:ERROR:process_reader_win.cc(151)] SuspendThread: Access is denied. (0x5)
[1114/225432.748:ERROR:process_reader_win.cc(151)] SuspendThread: Access is denied. (0x5)
[1114/225432.748:ERROR:process_reader_win.cc(123)] NtOpenThread: {Access Denied} A process has requested access to an object, but has not been granted those access rights. (0xc0000022)
[1114/225432.748:ERROR:exception_snapshot_win.cc(99)] thread ID 21048 not found in process
[1114/225432.748:ERROR:process_reader_win.cc(151)] SuspendThread: Access is denied. (0x5)
[1114/225432.748:ERROR:process_reader_win.cc(151)] SuspendThread: Access is denied. (0x5)
[1114/225432.748:ERROR:process_reader_win.cc(123)] NtOpenThread: {Access Denied} A process has requested access to an object, but has not been granted those access rights. (0xc0000022)
[1114/225432.748:ERROR:exception_snapshot_win.cc(99)] thread ID 20980 not found in process
[1114/225432.759:ERROR:exception_snapshot_win.cc(99)] thread ID 20748 not found in process
[1114/231709.492:ERROR:process_reader_win.cc(151)] SuspendThread: Access is denied. (0x5)
[1114/231709.492:ERROR:process_reader_win.cc(151)] SuspendThread: Access is denied. (0x5)
[1114/231709.492:ERROR:process_reader_win.cc(123)] NtOpenThread: {Access Denied} A process has requested access to an object, but has not been granted those access rights. (0xc0000022)
[1114/231709.492:ERROR:exception_snapshot_win.cc(99)] thread ID 19448 not found in process
[1114/231709.504:ERROR:process_reader_win.cc(151)] SuspendThread: Access is denied. (0x5)
[1114/231709.504:ERROR:process_reader_win.cc(123)] NtOpenThread: {Access Denied} A process has requested access to an object, but has not been granted those access rights. (0xc0000022)
[1114/231709.504:ERROR:exception_snapshot_win.cc(99)] thread ID 17708 not found in process
[1114/231709.508:ERROR:process_reader_win.cc(123)] NtOpenThread: {Access Denied} A process has requested access to an object, but has not been granted those access rights. (0xc0000022)
[1114/231709.508:ERROR:exception_snapshot_win.cc(99)] thread ID 11880 not found in process
[1114/233845.229:ERROR:process_reader_win.cc(151)] SuspendThread: Access is denied. (0x5)
[1114/233845.230:ERROR:process_reader_win.cc(151)] SuspendThread: Access is denied. (0x5)
[1114/233845.230:ERROR:process_reader_win.cc(123)] NtOpenThread: {Access Denied} A process has requested access to an object, but has not been granted those access rights. (0xc0000022)
[1114/233845.230:ERROR:exception_snapshot_win.cc(99)] thread ID 21064 not found in process
[1114/233845.235:ERROR:process_reader_win.cc(151)] SuspendThread: Access is denied. (0x5)
[1114/233845.235:ERROR:process_reader_win.cc(123)] NtOpenThread: {Access Denied} A process has requested access to an object, but has not been granted those access rights. (0xc0000022)
[1114/233845.235:ERROR:exception_snapshot_win.cc(99)] thread ID 13808 not found in process
[1114/233845.251:ERROR:process_reader_win.cc(123)] NtOpenThread: {Access Denied} A process has requested access to an object, but has not been granted those access rights. (0xc0000022)
[1114/233845.251:ERROR:exception_snapshot_win.cc(99)] thread ID 16888 not found in process
[1114/234412.932:ERROR:process_reader_win.cc(123)] NtOpenThread: {Access Denied} A process has requested access to an object, but has not been granted those access rights. (0xc0000022)
[1114/234412.933:ERROR:exception_snapshot_win.cc(99)] thread ID 15916 not found in process
[1114/234412.950:ERROR:process_reader_win.cc(123)] NtOpenThread: {Access Denied} A process has requested access to an object, but has not been granted those access rights. (0xc0000022)
[1114/234412.950:ERROR:exception_snapshot_win.cc(99)] thread ID 7536 not found in process
[1115/095053.698:ERROR:process_reader_win.cc(151)] SuspendThread: Access is denied. (0x5)
[1115/095053.728:ERROR:process_reader_win.cc(151)] SuspendThread: Access is denied. (0x5)
[1115/095053.728:ERROR:process_reader_win.cc(151)] SuspendThread: Access is denied. (0x5)
[1115/095053.728:ERROR:process_reader_win.cc(151)] SuspendThread: Access is denied. (0x5)
[1115/095053.729:ERROR:process_reader_win.cc(151)] SuspendThread: Access is denied. (0x5)
[1115/095053.729:ERROR:process_reader_win.cc(151)] SuspendThread: Access is denied. (0x5)
[1115/095053.725:ERROR:process_reader_win.cc(123)] NtOpenThread: {Access Denied} A process has requested access to an object, but has not been granted those access rights. (0xc0000022)
[1115/095053.735:ERROR:exception_snapshot_win.cc(99)] thread ID 10688 not found in process
[1115/095053.729:ERROR:process_reader_win.cc(123)] NtOpenThread: {Access Denied} A process has requested access to an object, but has not been granted those access rights. (0xc0000022)
[1115/095053.793:ERROR:exception_snapshot_win.cc(99)] thread ID 8860 not found in process
[1115/221701.532:ERROR:process_reader_win.cc(151)] SuspendThread: Access is denied. (0x5)
[1115/221701.553:ERROR:process_reader_win.cc(123)] NtOpenThread: {Access Denied} A process has requested access to an object, but has not been granted those access rights. (0xc0000022)
[1115/221701.558:ERROR:exception_snapshot_win.cc(99)] thread ID 8080 not found in process
[1115/221701.559:ERROR:process_reader_win.cc(123)] NtOpenThread: {Access Denied} A process has requested access to an object, but has not been granted those access rights. (0xc0000022)
[1115/221701.559:ERROR:exception_snapshot_win.cc(99)] thread ID 2772 not found in process
[1115/225244.286:ERROR:directory_reader_win.cc(43)] FindFirstFile: The system cannot find the path specified. (0x3)
[1116/132644.722:ERROR:process_reader_win.cc(151)] SuspendThread: Access is denied. (0x5)
[1116/132644.734:ERROR:process_reader_win.cc(123)] NtOpenThread: {Access Denied} A process has requested access to an object, but has not been granted those access rights. (0xc0000022)
[1116/132644.746:ERROR:exception_snapshot_win.cc(99)] thread ID 2264 not found in process
[1116/132644.746:ERROR:process_reader_win.cc(123)] NtOpenThread: {Access Denied} A process has requested access to an object, but has not been granted those access rights. (0xc0000022)
[1116/132644.746:ERROR:exception_snapshot_win.cc(99)] thread ID 3972 not found in process
